[Tue Jun 13 10:48:14 2017] [warn] pid file C:/MAMP/bin/apache/logs/httpd.pid overwritten -- Unclean shutdown of previous Apache run?
[Tue Jun 13 10:48:14 2017] [notice] Digest: generating secret for digest authentication ...
[Tue Jun 13 10:48:14 2017] [notice] Digest: done
[Tue Jun 13 10:48:20 2017] [notice] Apache/2.2.31 (Win32) DAV/2 mod_ssl/2.2.31 OpenSSL/1.0.2e mod_fcgid/2.3.9 mod_wsgi/3.4 Python/2.7.6 PHP/7.0.13 mod_perl/2.0.8 Perl/v5.16.3 configured -- resuming normal operations
[Tue Jun 13 10:48:20 2017] [notice] Server built: May  6 2016 10:19:53
[Tue Jun 13 10:48:20 2017] [notice] Parent: Created child process 3096
[Tue Jun 13 10:48:22 2017] [notice] Digest: generating secret for digest authentication ...
[Tue Jun 13 10:48:22 2017] [notice] Digest: done
[Tue Jun 13 10:48:24 2017] [notice] Child 3096: Child process is running
[Tue Jun 13 10:48:29 2017] [notice] Child 3096: Acquired the start mutex.
[Tue Jun 13 10:48:29 2017] [notice] Child 3096: Starting 64 worker threads.
[Tue Jun 13 10:48:29 2017] [notice] Child 3096: Starting thread to listen on port 8888.
[Tue Jun 13 11:05:30 2017] [warn] pid file C:/MAMP/bin/apache/logs/httpd.pid overwritten -- Unclean shutdown of previous Apache run?
[Tue Jun 13 11:05:30 2017] [notice] Digest: generating secret for digest authentication ...
[Tue Jun 13 11:05:30 2017] [notice] Digest: done
[Tue Jun 13 11:05:32 2017] [notice] Apache/2.2.31 (Win32) DAV/2 mod_ssl/2.2.31 OpenSSL/1.0.2e mod_fcgid/2.3.9 mod_wsgi/3.4 Python/2.7.6 PHP/7.0.13 mod_perl/2.0.8 Perl/v5.16.3 configured -- resuming normal operations
[Tue Jun 13 11:05:32 2017] [notice] Server built: May  6 2016 10:19:53
[Tue Jun 13 11:05:32 2017] [notice] Parent: Created child process 4640
[Tue Jun 13 11:05:34 2017] [notice] Digest: generating secret for digest authentication ...
[Tue Jun 13 11:05:34 2017] [notice] Digest: done
[Tue Jun 13 11:05:36 2017] [notice] Child 4640: Child process is running
[Tue Jun 13 11:05:38 2017] [notice] Child 4640: Acquired the start mutex.
[Tue Jun 13 11:05:38 2017] [notice] Child 4640: Starting 64 worker threads.
[Tue Jun 13 11:05:38 2017] [notice] Child 4640: Starting thread to listen on port 8888.
[Tue Jun 13 11:06:22 2017] [error] [client 127.0.0.1] File does not exist: C:/MAMP/htdocs/docs-assets, referer: http://localhost:8888/MAMP/
[Tue Jun 13 11:08:32 2017] [error] [client 127.0.0.1] File does not exist: C:/MAMP/htdocs/favicon.ico, referer: http://localhost:8888/
[Tue Jun 13 11:10:06 2017] [notice] Parent: Received shutdown signal -- Shutting down the server.
[Tue Jun 13 11:10:06 2017] [notice] Child 4640: Exit event signaled. Child process is ending.
[Tue Jun 13 11:10:07 2017] [notice] Child 4640: Released the start mutex
